IQ-TREE multicore version 2.2.2.3 COVID-edition for Linux 64-bit built May 16 2023
Developed by Bui Quang Minh, James Barbetti, Nguyen Lam Tung,
Olga Chernomor, Heiko Schmidt, Dominik Schrempf, Michael Woodhams, Ly Trong Nhan.

Host:    UBMI02 (AVX2, FMA3, 125 GB RAM)
Command: iqtree -m MFP -B 1000 -alrt 1000 -s hyl_S1.fa -T AUTO --redo-tree
Seed:    625204 (Using SPRNG - Scalable Parallel Random Number Generator)
Time:    Wed Oct 18 01:28:29 2023
Kernel:  AVX+FMA - auto-detect threads (32 CPU cores detected)

Reading alignment file hyl_S1.fa ... Fasta format detected
Reading fasta file: done in 0.000244123 secs using 41.37% CPU
Alignment most likely contains protein sequences
Constructing alignment: done in 0.000239793 secs using 98% CPU
WARNING: 2 sites contain only gaps or ambiguous characters.
Alignment has 12 sequences with 201 columns, 162 distinct patterns
31 parsimony-informative, 128 singleton sites, 42 constant sites
        Gap/Ambiguity  Composition  p-value
Analyzing sequences: done in 1.384e-05 secs using 86.71% CPU
   1  apoH4     5.47%    passed    100.00%
   2  gwiH5     5.47%    passed    100.00%
   3  ecalH5    5.47%    passed    100.00%
   4  dclH2     5.47%    passed    100.00%
   5  gseH1     5.47%    passed    100.00%
   6  aruH9     5.47%    passed    100.00%
   7  aruH11    5.47%    passed    100.00%
   8  oauH7     5.47%    passed    100.00%
   9  pspH2     5.47%    passed    100.00%
  10  sboH2     5.47%    passed    100.00%
  11  bboH1     5.47%    passed    100.00%
  12  bcoC1     1.00%    passed     73.74%
****  TOTAL     5.10%  0 sequences failed composition chi2 test (p-value<5%; df=19)
NOTE: aruH11 is identical to aruH9 but kept for subsequent analysis
Checking for duplicate sequences: done in 3.4281e-05 secs using 96.26% CPU


Create initial parsimony tree by phylogenetic likelihood library (PLL)... 0.000 seconds
Measuring multi-threading efficiency up to 32 CPU cores
Increase to 10 rounds for branch lengths
2059 trees examined
Threads: 1 / Time: 32.022 sec / Speedup: 1.000 / Efficiency: 100% / LogL: -1788
Threads: 2 / Time: 22.519 sec / Speedup: 1.422 / Efficiency: 71% / LogL: -1788
Threads: 3 / Time: 19.787 sec / Speedup: 1.618 / Efficiency: 54% / LogL: -1788
Threads: 4 / Time: 16.060 sec / Speedup: 1.994 / Efficiency: 50% / LogL: -1788
Determining AUTO threadcount: done in 90.3884 secs using 221% CPU
BEST NUMBER OF THREADS: 3

Perform fast likelihood tree search using LG+I+G model...
Estimate model parameters (epsilon = 5.000)
Perform nearest neighbor interchange...
Optimizing NNI: done in 0.0258894 secs using 300.8% CPU
Estimate model parameters (epsilon = 1.000)
1. Initial log-likelihood: -1614.511
Optimal log-likelihood: -1614.029
Proportion of invariable sites: 0.048
Gamma shape alpha: 0.752
Parameters optimization took 1 rounds (0.009 sec)
Time for fast ML tree search: 0.055 seconds

NOTE: ModelFinder requires 4 MB RAM!
ModelFinder will test up to 1232 protein models (sample size: 201) ...
 No. Model         -LnL         df  AIC          AICc         BIC
  1  LG            1628.539     21  3299.077     3304.239     3368.447
  2  LG+I          1627.153     22  3298.305     3303.991     3370.978
  3  LG+G4         1612.691     22  3269.381     3275.067     3342.054
  4  LG+I+G4       1613.079     23  3272.157     3278.395     3348.133
  5  LG+R2         1601.774     23  3249.548     3255.785     3325.524
  6  LG+R3         1601.127     25  3252.253     3259.682     3334.836
 14  LG+I+R2       1602.029     24  3252.058     3258.876     3331.337
 15  LG+I+R3       1601.355     26  3254.711     3262.780     3340.597
 27  LG+F+R2       1580.111     42  3244.222     3267.083     3382.961
 28  LG+F+R3       1579.758     44  3247.517     3272.901     3392.862
 36  LG+F+I+R2     1580.673     43  3247.346     3271.448     3389.388
 49  WAG+R2        1606.514     23  3259.029     3265.266     3335.005
 50  WAG+R3        1606.079     25  3262.157     3269.586     3344.740
 58  WAG+I+R2      1606.874     24  3261.747     3268.566     3341.027
 71  WAG+F+R2      1582.553     42  3249.106     3271.966     3387.844
 72  WAG+F+R3      1582.183     44  3252.365     3277.750     3397.711
 80  WAG+F+I+R2    1582.948     43  3251.895     3275.997     3393.938
 93  JTT+R2        1606.484     23  3258.968     3265.205     3334.944
 94  JTT+R3        1605.964     25  3261.928     3269.357     3344.511
102  JTT+I+R2      1607.066     24  3262.131     3268.949     3341.410
115  JTT+F+R2      1584.435     42  3252.871     3275.731     3391.609
116  JTT+F+R3      1584.035     44  3256.070     3281.455     3401.415
124  JTT+F+I+R2    1585.037     43  3256.074     3280.176     3398.116
WARNING: Normalizing state frequencies so that sum of them equals to 1
137  Q.pfam+R2     1604.188     23  3254.377     3260.614     3330.353
WARNING: Normalizing state frequencies so that sum of them equals to 1
138  Q.pfam+R3     1603.680     25  3257.359     3264.788     3339.942
WARNING: Normalizing state frequencies so that sum of them equals to 1
146  Q.pfam+I+R2   1604.503     24  3257.005     3263.823     3336.285
WARNING: Normalizing state frequencies so that sum of them equals to 1
159  Q.pfam+F+R2   1580.880     42  3245.759     3268.620     3384.498
WARNING: Normalizing state frequencies so that sum of them equals to 1
160  Q.pfam+F+R3   1580.412     44  3248.823     3274.208     3394.169
WARNING: Normalizing state frequencies so that sum of them equals to 1
168  Q.pfam+F+I+R2 1581.362     43  3248.725     3272.827     3390.767
WARNING: Normalizing state frequencies so that sum of them equals to 1
181  Q.bird+R2     1619.603     23  3285.207     3291.444     3361.183
WARNING: Normalizing state frequencies so that sum of them equals to 1
182  Q.bird+R3     1619.244     25  3288.487     3295.916     3371.070
WARNING: Normalizing state frequencies so that sum of them equals to 1
190  Q.bird+I+R2   1619.411     24  3286.821     3293.640     3366.101
WARNING: Normalizing state frequencies so that sum of them equals to 1
203  Q.bird+F+R2   1597.794     42  3279.589     3302.450     3418.328
WARNING: Normalizing state frequencies so that sum of them equals to 1
204  Q.bird+F+R3   1597.320     44  3282.641     3308.025     3427.986
WARNING: Normalizing state frequencies so that sum of them equals to 1
212  Q.bird+F+I+R2 1597.662     43  3281.323     3305.425     3423.365
WARNING: Normalizing state frequencies so that sum of them equals to 1
225  Q.mammal+R2   1615.891     23  3277.782     3284.019     3353.758
WARNING: Normalizing state frequencies so that sum of them equals to 1
226  Q.mammal+R3   1615.306     25  3280.611     3288.040     3363.194
WARNING: Normalizing state frequencies so that sum of them equals to 1
234  Q.mammal+I+R2 1616.157     24  3280.314     3287.132     3359.593
WARNING: Normalizing state frequencies so that sum of them equals to 1
247  Q.mammal+F+R2 1592.551     42  3269.102     3291.963     3407.841
WARNING: Normalizing state frequencies so that sum of them equals to 1
248  Q.mammal+F+R3 1591.909     44  3271.817     3297.202     3417.163
WARNING: Normalizing state frequencies so that sum of them equals to 1
256  Q.mammal+F+I+R2 1592.733     43  3271.466     3295.568     3413.508
269  Q.insect+R2   1601.446     23  3248.892     3255.130     3324.868
270  Q.insect+R3   1600.870     25  3251.740     3259.169     3334.323
278  Q.insect+I+R2 1601.894     24  3251.788     3258.607     3331.068
291  Q.insect+F+R2 1581.500     42  3246.999     3269.860     3385.738
292  Q.insect+F+R3 1580.915     44  3249.829     3275.214     3395.175
300  Q.insect+F+I+R2 1582.311     43  3250.622     3274.724     3392.664
WARNING: Normalizing state frequencies so that sum of them equals to 1
313  Q.plant+R2    1606.530     23  3259.060     3265.297     3335.036
WARNING: Normalizing state frequencies so that sum of them equals to 1
314  Q.plant+R3    1605.719     25  3261.438     3268.867     3344.021
WARNING: Normalizing state frequencies so that sum of them equals to 1
322  Q.plant+I+R2  1606.476     24  3260.952     3267.770     3340.231
WARNING: Normalizing state frequencies so that sum of them equals to 1
335  Q.plant+F+R2  1583.038     42  3250.077     3272.938     3388.816
WARNING: Normalizing state frequencies so that sum of them equals to 1
336  Q.plant+F+R3  1582.374     44  3252.748     3278.132     3398.093
WARNING: Normalizing state frequencies so that sum of them equals to 1
344  Q.plant+F+I+R2 1583.299     43  3252.598     3276.700     3394.640
WARNING: Normalizing state frequencies so that sum of them equals to 1
357  Q.yeast+R2    1610.552     23  3267.105     3273.342     3343.081
WARNING: Normalizing state frequencies so that sum of them equals to 1
358  Q.yeast+R3    1609.789     25  3269.577     3277.006     3352.160
WARNING: Normalizing state frequencies so that sum of them equals to 1
366  Q.yeast+I+R2  1610.774     24  3269.547     3276.366     3348.827
WARNING: Normalizing state frequencies so that sum of them equals to 1
379  Q.yeast+F+R2  1579.247     42  3242.494     3265.354     3381.233
WARNING: Normalizing state frequencies so that sum of them equals to 1
380  Q.yeast+F+R3  1578.760     44  3245.521     3270.905     3390.866
WARNING: Normalizing state frequencies so that sum of them equals to 1
388  Q.yeast+F+I+R2 1579.757     43  3245.513     3269.615     3387.555
401  JTTDCMut+R2   1606.449     23  3258.897     3265.134     3334.873
402  JTTDCMut+R3   1605.955     25  3261.910     3269.338     3344.492
410  JTTDCMut+I+R2 1606.979     24  3261.958     3268.776     3341.238
423  JTTDCMut+F+R2 1584.377     42  3252.755     3275.615     3391.493
424  JTTDCMut+F+R3 1583.960     44  3255.920     3281.305     3401.266
432  JTTDCMut+F+I+R2 1585.041     43  3256.083     3280.185     3398.125
445  DCMut+R2      1621.853     23  3289.705     3295.943     3365.681
446  DCMut+R3      1621.279     25  3292.557     3299.986     3375.140
454  DCMut+I+R2    1622.382     24  3292.764     3299.582     3372.043
467  DCMut+F+R2    1583.242     42  3250.483     3273.344     3389.222
468  DCMut+F+R3    1582.909     44  3253.818     3279.202     3399.163
476  DCMut+F+I+R2  1583.914     43  3253.828     3277.930     3395.870
489  VT+R2         1608.407     23  3262.814     3269.052     3338.791
490  VT+R3         1608.264     25  3266.528     3273.957     3349.111
498  VT+I+R2       1608.859     24  3265.718     3272.536     3344.997
511  VT+F+R2       1586.193     42  3256.386     3279.247     3395.125
512  VT+F+R3       1586.182     44  3260.364     3285.749     3405.710
520  VT+F+I+R2     1586.488     43  3258.977     3283.079     3401.019
533  PMB+R2        1606.678     23  3259.355     3265.593     3335.331
534  PMB+R3        1606.520     25  3263.039     3270.468     3345.622
542  PMB+I+R2      1606.930     24  3261.860     3268.678     3341.139
555  PMB+F+R2      1595.040     42  3274.080     3296.940     3412.819
556  PMB+F+R3      1594.965     44  3277.930     3303.315     3423.276
564  PMB+F+I+R2    1595.282     43  3276.563     3300.665     3418.606
577  Blosum62+R2   1609.811     23  3265.622     3271.859     3341.598
578  Blosum62+R3   1609.702     25  3269.404     3276.833     3351.987
586  Blosum62+I+R2 1610.152     24  3268.305     3275.123     3347.584
599  Blosum62+F+R2 1594.189     42  3272.379     3295.240     3411.118
600  Blosum62+F+R3 1594.161     44  3276.322     3301.707     3421.668
608  Blosum62+F+I+R2 1594.493     43  3274.986     3299.088     3417.028
621  Dayhoff+R2    1621.762     23  3289.525     3295.762     3365.501
622  Dayhoff+R3    1621.176     25  3292.352     3299.781     3374.935
630  Dayhoff+I+R2  1622.315     24  3292.630     3299.448     3371.910
643  Dayhoff+F+R2  1583.130     42  3250.260     3273.121     3388.999
644  Dayhoff+F+R3  1582.805     44  3253.611     3278.996     3398.956
652  Dayhoff+F+I+R2 1583.813     43  3253.626     3277.728     3395.668
665  mtREV+R2      1652.652     23  3351.305     3357.542     3427.281
666  mtREV+R3      1653.428     25  3356.856     3364.285     3439.439
674  mtREV+I+R2    1653.810     24  3355.620     3362.438     3434.899
687  mtREV+F+R2    1592.309     42  3268.618     3291.478     3407.357
688  mtREV+F+R3    1591.816     44  3271.631     3297.016     3416.977
696  mtREV+F+I+R2  1593.314     43  3272.628     3296.730     3414.670
709  mtART+R2      1644.801     23  3335.601     3341.839     3411.577
710  mtART+R3      1644.769     25  3339.538     3346.967     3422.121
718  mtART+I+R2    1645.116     24  3338.232     3345.050     3417.511
731  mtART+F+R2    1587.301     42  3258.601     3281.462     3397.340
732  mtART+F+R3    1587.521     44  3263.042     3288.427     3408.387
740  mtART+F+I+R2  1588.012     43  3262.024     3286.126     3404.066
753  mtZOA+R2      1630.729     23  3307.458     3313.695     3383.434
754  mtZOA+R3      1630.500     25  3310.999     3318.428     3393.582
762  mtZOA+I+R2    1631.022     24  3310.045     3316.863     3389.324
775  mtZOA+F+R2    1581.061     42  3246.122     3268.983     3384.861
776  mtZOA+F+R3    1580.720     44  3249.440     3274.824     3394.785
784  mtZOA+F+I+R2  1581.721     43  3249.441     3273.543     3391.483
797  mtMet+R2      1634.752     23  3315.503     3321.741     3391.479
798  mtMet+R3      1634.743     25  3319.485     3326.914     3402.068
806  mtMet+I+R2    1635.428     24  3318.856     3325.674     3398.135
819  mtMet+F+R2    1582.743     42  3249.485     3272.346     3388.224
820  mtMet+F+R3    1582.400     44  3252.800     3278.184     3398.145
828  mtMet+F+I+R2  1583.477     43  3252.954     3277.056     3394.996
841  mtVer+R2      1664.803     23  3375.605     3381.842     3451.581
842  mtVer+R3      1664.916     25  3379.831     3387.260     3462.414
850  mtVer+I+R2    1665.557     24  3379.113     3385.931     3458.392
863  mtVer+F+R2    1597.833     42  3279.667     3302.528     3418.406
864  mtVer+F+R3    1598.465     44  3284.930     3310.315     3430.275
872  mtVer+F+I+R2  1598.020     43  3282.040     3306.142     3424.082
885  mtInv+R2      1644.000     23  3334.000     3340.237     3409.976
886  mtInv+R3      1643.631     25  3337.262     3344.691     3419.845
894  mtInv+I+R2    1644.639     24  3337.278     3344.096     3416.557
907  mtInv+F+R2    1579.696     42  3243.392     3266.253     3382.131
908  mtInv+F+R3    1579.269     44  3246.539     3271.923     3391.884
916  mtInv+F+I+R2  1580.089     43  3246.178     3270.279     3388.220
929  mtMAM+R2      1672.866     23  3391.733     3397.970     3467.709
930  mtMAM+R3      1673.542     25  3397.085     3404.513     3479.667
938  mtMAM+I+R2    1674.656     24  3397.313     3404.131     3476.592
951  mtMAM+F+R2    1606.455     42  3296.910     3319.771     3435.649
WARNING: Log-likelihood -1608.16 of mtMAM+F+R3 worse than mtMAM+F+R2 -1606.46
952  mtMAM+F+R3    1608.161     44  3304.321     3329.706     3449.667
960  mtMAM+F+I+R2  1608.246     43  3302.491     3326.593     3444.533
WARNING: Normalizing state frequencies so that sum of them equals to 1
973  FLAVI+R2      1642.034     23  3330.068     3336.305     3406.044
WARNING: Normalizing state frequencies so that sum of them equals to 1
WARNING: Log-likelihood -1643.78 of FLAVI+R3 worse than FLAVI+R2 -1642.03
974  FLAVI+R3      1643.779     25  3337.557     3344.986     3420.140
WARNING: Normalizing state frequencies so that sum of them equals to 1
982  FLAVI+I+R2    1643.526     24  3335.053     3341.871     3414.332
WARNING: Normalizing state frequencies so that sum of them equals to 1
995  FLAVI+F+R2    1614.346     42  3312.692     3335.553     3451.431
WARNING: Normalizing state frequencies so that sum of them equals to 1
WARNING: Log-likelihood -1616.27 of FLAVI+F+R3 worse than FLAVI+F+R2 -1614.35
996  FLAVI+F+R3    1616.274     44  3320.547     3345.932     3465.893
WARNING: Normalizing state frequencies so that sum of them equals to 1
1004  FLAVI+F+I+R2  1615.469     43  3316.938     3341.040     3458.980
1017  HIVb+R2       1625.846     23  3297.692     3303.930     3373.668
1018  HIVb+R3       1625.908     25  3301.817     3309.245     3384.399
1026  HIVb+I+R2     1625.967     24  3299.934     3306.752     3379.214
1039  HIVb+F+R2     1600.452     42  3284.904     3307.765     3423.643
1040  HIVb+F+R3     1601.144     44  3290.288     3315.673     3435.633
1048  HIVb+F+I+R2   1600.644     43  3287.287     3311.389     3429.330
1061  HIVw+R2       1688.745     23  3423.489     3429.727     3499.465
1062  HIVw+R3       1687.956     25  3425.912     3433.340     3508.494
1070  HIVw+I+R2     1686.117     24  3420.234     3427.052     3499.513
1083  HIVw+F+R2     1628.511     42  3341.022     3363.882     3479.760
1084  HIVw+F+R3     1629.283     44  3346.566     3371.951     3491.911
1092  HIVw+F+I+R2   1627.525     43  3341.049     3365.151     3483.091
1105  FLU+R2        1623.902     23  3293.804     3300.042     3369.780
1106  FLU+R3        1624.621     25  3299.241     3306.670     3381.824
1114  FLU+I+R2      1624.363     24  3296.726     3303.545     3376.006
1127  FLU+F+R2      1591.406     42  3266.813     3289.674     3405.552
1128  FLU+F+R3      1591.328     44  3270.656     3296.041     3416.001
1136  FLU+F+I+R2    1592.224     43  3270.447     3294.549     3412.489
1149  rtREV+R2      1614.994     23  3275.989     3282.226     3351.965
1150  rtREV+R3      1614.237     25  3278.475     3285.903     3361.057
1158  rtREV+I+R2    1615.269     24  3278.537     3285.356     3357.817
1171  rtREV+F+R2    1580.673     42  3245.347     3268.208     3384.086
1172  rtREV+F+R3    1580.325     44  3248.649     3274.034     3393.995
1180  rtREV+F+I+R2  1581.178     43  3248.355     3272.457     3390.397
1193  cpREV+R2      1610.611     23  3267.222     3273.459     3343.198
1194  cpREV+R3      1609.889     25  3269.777     3277.206     3352.360
1202  cpREV+I+R2    1611.100     24  3270.200     3277.018     3349.480
1215  cpREV+F+R2    1584.974     42  3253.948     3276.808     3392.686
1216  cpREV+F+R3    1584.369     44  3256.738     3282.122     3402.083
1224  cpREV+F+I+R2  1585.485     43  3256.970     3281.072     3399.012
Akaike Information Criterion:           Q.yeast+F+R2
Corrected Akaike Information Criterion: Q.insect+R2
Bayesian Information Criterion:         Q.insect+R2
Best-fit model: Q.insect+R2 chosen according to BIC

All model information printed to hyl_S1.fa.model.gz
CPU time for ModelFinder: 221.223 seconds (0h:3m:41s)
Wall-clock time for ModelFinder: 97.510 seconds (0h:1m:37s)
Generating 1000 samples for ultrafast bootstrap (seed: 625204)...

NOTE: 1 MB RAM (0 GB) is required!
Estimate model parameters (epsilon = 0.100)
1. Initial log-likelihood: -1601.446
Optimal log-likelihood: -1601.446
Site proportion and rates:  (0.812,0.309) (0.188,3.992)
Parameters optimization took 1 rounds (0.005 sec)
Wrote distance file to... 
Computing ML distances based on estimated model parameters...
Calculating distance matrix: done in 0.00116381 secs using 566.4% CPU
Computing ML distances took 0.001186 sec (of wall-clock time) 0.006616 sec (of CPU time)
Setting up auxiliary I and S matrices: done in 0.000114282 secs using 230.1% CPU
Constructing RapidNJ tree: done in 0.000907901 secs using 196.3% CPU
Computing RapidNJ tree took 0.001067 sec (of wall-clock time) 0.002123 sec (of CPU time)
Log-likelihood of RapidNJ tree: -1601.465
--------------------------------------------------------------------
|             INITIALIZING CANDIDATE TREE SET                      |
--------------------------------------------------------------------
Generating 98 parsimony trees... 0.029 second
Computing log-likelihood of 96 initial trees ... 0.103 seconds
Current best score: -1601.446

Do NNI search on 20 best initial trees
Optimizing NNI: done in 0.00427251 secs using 287.1% CPU
Estimate model parameters (epsilon = 0.100)
BETTER TREE FOUND at iteration 1: -1601.446
Optimizing NNI: done in 0.00681439 secs using 217.2% CPU
Optimizing NNI: done in 0.0130912 secs using 344.3% CPU
Optimizing NNI: done in 0.0112549 secs using 313.2% CPU
UPDATE BEST LOG-LIKELIHOOD: -1601.446
Optimizing NNI: done in 0.0112055 secs using 242.8% CPU
Optimizing NNI: done in 0.0175756 secs using 282% CPU
UPDATE BEST LOG-LIKELIHOOD: -1601.446
Optimizing NNI: done in 0.0176176 secs using 258.9% CPU
Optimizing NNI: done in 0.0176406 secs using 281.4% CPU
Optimizing NNI: done in 0.0176809 secs using 280.9% CPU
Optimizing NNI: done in 0.0132362 secs using 341.7% CPU
Iteration 10 / LogL: -1601.446 / Time: 0h:0m:0s
Optimizing NNI: done in 0.0159418 secs using 300.6% CPU
Optimizing NNI: done in 0.0158582 secs using 301.7% CPU
Optimizing NNI: done in 0.0178775 secs using 279% CPU
UPDATE BEST LOG-LIKELIHOOD: -1601.446
Optimizing NNI: done in 0.0172435 secs using 262.4% CPU
UPDATE BEST LOG-LIKELIHOOD: -1601.446
Optimizing NNI: done in 0.0172549 secs using 285.3% CPU
Optimizing NNI: done in 0.0173306 secs using 330.8% CPU
Optimizing NNI: done in 0.017295 secs using 284.9% CPU
Optimizing NNI: done in 0.0155561 secs using 305.7% CPU
Optimizing NNI: done in 0.0156557 secs using 304.3% CPU
Optimizing NNI: done in 0.0155779 secs using 305.4% CPU
Iteration 20 / LogL: -1601.446 / Time: 0h:0m:0s
Finish initializing candidate tree set (2)
Current best tree score: -1601.446 / CPU time: 0.440
Number of iterations: 20
--------------------------------------------------------------------
|               OPTIMIZING CANDIDATE TREE SET                      |
--------------------------------------------------------------------
Optimizing NNI: done in 0.0138898 secs using 330.3% CPU
Optimizing NNI: done in 0.00716358 secs using 323.3% CPU
Optimizing NNI: done in 0.0156769 secs using 278.7% CPU
Optimizing NNI: done in 0.0170428 secs using 264.2% CPU
Optimizing NNI: done in 0.012281 secs using 295.4% CPU
UPDATE BEST LOG-LIKELIHOOD: -1601.446
Optimizing NNI: done in 0.0209872 secs using 290.5% CPU
Optimizing NNI: done in 0.0130998 secs using 283.1% CPU
Optimizing NNI: done in 0.0159059 secs using 301.2% CPU
Optimizing NNI: done in 0.0346118 secs using 308% CPU
Optimizing NNI: done in 0.0162385 secs using 297% CPU
Iteration 30 / LogL: -1603.649 / Time: 0h:0m:0s (0h:0m:1s left)
Optimizing NNI: done in 0.00892074 secs using 369% CPU
Optimizing NNI: done in 0.032632 secs using 296.1% CPU
Optimizing NNI: done in 0.0128722 secs using 286.4% CPU
Optimizing NNI: done in 0.0259778 secs using 315.5% CPU
Optimizing NNI: done in 0.0165091 secs using 293.8% CPU
Optimizing NNI: done in 0.0212237 secs using 288.4% CPU
Optimizing NNI: done in 0.0203947 secs using 296.1% CPU
Optimizing NNI: done in 0.0231175 secs using 307.6% CPU
Optimizing NNI: done in 0.0355377 secs using 302.5% CPU
Optimizing NNI: done in 0.0165738 secs using 293% CPU
Iteration 40 / LogL: -1601.446 / Time: 0h:0m:0s (0h:0m:1s left)
Optimizing NNI: done in 0.0178571 secs using 323.9% CPU
Optimizing NNI: done in 0.0139655 secs using 329.1% CPU
Optimizing NNI: done in 0.00864091 secs using 238.8% CPU
Optimizing NNI: done in 0.0110307 secs using 245% CPU
Optimizing NNI: done in 0.0190988 secs using 267.5% CPU
Optimizing NNI: done in 0.0341188 secs using 287.5% CPU
Optimizing NNI: done in 0.029806 secs using 287.8% CPU
Optimizing NNI: done in 0.0190484 secs using 310% CPU
Optimizing NNI: done in 0.0167751 secs using 290.7% CPU
Optimizing NNI: done in 0.0313728 secs using 278.4% CPU
Iteration 50 / LogL: -1601.446 / Time: 0h:0m:1s (0h:0m:1s left)
Log-likelihood cutoff on original alignment: -1619.993
Optimizing NNI: done in 0.0347945 secs using 272.4% CPU
Optimizing NNI: done in 0.026005 secs using 284.5% CPU
Optimizing NNI: done in 0.0113444 secs using 311.5% CPU
Optimizing NNI: done in 0.0348339 secs using 306.6% CPU
Optimizing NNI: done in 0.0137241 secs using 333.1% CPU
Optimizing NNI: done in 0.0354389 secs using 291.9% CPU
Optimizing NNI: done in 0.0168273 secs using 313.9% CPU
Optimizing NNI: done in 0.00878858 secs using 281.9% CPU
Optimizing NNI: done in 0.0239998 secs using 300% CPU
Optimizing NNI: done in 0.0217346 secs using 284% CPU
Iteration 60 / LogL: -1603.688 / Time: 0h:0m:1s (0h:0m:0s left)
Optimizing NNI: done in 0.0384126 secs using 297.8% CPU
WARNING: NNI search needs unusual large number of steps (12) to converge!
Optimizing NNI: done in 0.0127694 secs using 287.9% CPU
Optimizing NNI: done in 0.0219216 secs using 282.4% CPU
Optimizing NNI: done in 0.0160927 secs using 298.8% CPU
Optimizing NNI: done in 0.0294302 secs using 290.2% CPU
Optimizing NNI: done in 0.0416501 secs using 292% CPU
Optimizing NNI: done in 0.013718 secs using 245.8% CPU
Optimizing NNI: done in 0.0176842 secs using 326.1% CPU
Optimizing NNI: done in 0.0218743 secs using 319.4% CPU
Optimizing NNI: done in 0.00903326 secs using 277% CPU
Iteration 70 / LogL: -1603.608 / Time: 0h:0m:1s (0h:0m:0s left)
Optimizing NNI: done in 0.0113558 secs using 311.2% CPU
Optimizing NNI: done in 0.0084206 secs using 289.9% CPU
Optimizing NNI: done in 0.0132718 secs using 280.8% CPU
Optimizing NNI: done in 0.0169474 secs using 288.7% CPU
Optimizing NNI: done in 0.00974578 secs using 346.2% CPU
Optimizing NNI: done in 0.0211142 secs using 289.4% CPU
Optimizing NNI: done in 0.00920249 secs using 273.8% CPU
Optimizing NNI: done in 0.00995527 secs using 260.7% CPU
Optimizing NNI: done in 0.0141037 secs using 326.7% CPU
Optimizing NNI: done in 0.0256261 secs using 318.5% CPU
Iteration 80 / LogL: -1601.446 / Time: 0h:0m:1s (0h:0m:0s left)
Optimizing NNI: done in 0.0134742 secs using 337.5% CPU
Optimizing NNI: done in 0.0148105 secs using 316% CPU
Optimizing NNI: done in 0.0164274 secs using 294.7% CPU
Optimizing NNI: done in 0.0293739 secs using 290.6% CPU
Optimizing NNI: done in 0.0124365 secs using 357.3% CPU
Optimizing NNI: done in 0.0125927 secs using 290.5% CPU
Optimizing NNI: done in 0.0349558 secs using 283.1% CPU
Optimizing NNI: done in 0.00805401 secs using 298.6% CPU
Optimizing NNI: done in 0.0351982 secs using 304.5% CPU
Optimizing NNI: done in 0.033648 secs using 313.9% CPU
Iteration 90 / LogL: -1601.446 / Time: 0h:0m:1s (0h:0m:0s left)
Optimizing NNI: done in 0.0260486 secs using 314.9% CPU
Optimizing NNI: done in 0.0172879 secs using 331.3% CPU
Optimizing NNI: done in 0.0417074 secs using 291.8% CPU
Optimizing NNI: done in 0.0141808 secs using 269.2% CPU
Optimizing NNI: done in 0.03218 secs using 298.8% CPU
Optimizing NNI: done in 0.0248434 secs using 309.3% CPU
Optimizing NNI: done in 0.017725 secs using 280.5% CPU
Optimizing NNI: done in 0.0171282 secs using 263.5% CPU
Optimizing NNI: done in 0.00816441 secs using 296% CPU
Optimizing NNI: done in 0.0356502 secs using 301.9% CPU
Iteration 100 / LogL: -1601.446 / Time: 0h:0m:2s (0h:0m:0s left)
Log-likelihood cutoff on original alignment: -1619.231
NOTE: Bootstrap correlation coefficient of split occurrence frequencies: 0.996
Optimizing NNI: done in 0.0110881 secs using 264.5% CPU
Optimizing NNI: done in 0.0160622 secs using 299.2% CPU
TREE SEARCH COMPLETED AFTER 102 ITERATIONS / Time: 0h:0m:2s

--------------------------------------------------------------------
|                    FINALIZING TREE SEARCH                        |
--------------------------------------------------------------------
Performs final model parameters optimization
Estimate model parameters (epsilon = 0.010)
1. Initial log-likelihood: -1601.446
Optimal log-likelihood: -1601.446
Site proportion and rates:  (0.813,0.309) (0.187,3.999)
Parameters optimization took 1 rounds (0.005 sec)
BEST SCORE FOUND : -1601.446

Testing tree branches by SH-like aLRT with 1000 replicates...
0.011 sec.
Creating bootstrap support values...
Split supports printed to NEXUS file hyl_S1.fa.splits.nex
Total tree length: 7.759

Total number of iterations: 102
CPU time used for tree search: 6.613 sec (0h:0m:6s)
Wall-clock time used for tree search: 2.247 sec (0h:0m:2s)
Total CPU time used: 6.739 sec (0h:0m:6s)
Total wall-clock time used: 2.296 sec (0h:0m:2s)

Computing bootstrap consensus tree...
Reading input file hyl_S1.fa.splits.nex...
12 taxa and 83 splits.
Consensus tree written to hyl_S1.fa.contree
Reading input trees file hyl_S1.fa.contree
Log-likelihood of consensus tree: -1601.447

Analysis results written to: 
  IQ-TREE report:                hyl_S1.fa.iqtree
  Maximum-likelihood tree:       hyl_S1.fa.treefile
  Likelihood distances:          hyl_S1.fa.mldist

Ultrafast bootstrap approximation results written to:
  Split support values:          hyl_S1.fa.splits.nex
  Consensus tree:                hyl_S1.fa.contree
  Screen log file:               hyl_S1.fa.log

Date and Time: Wed Oct 18 01:30:09 2023
